<?xml version="1.0" encoding="UTF-8"?>
<testsuite xmlns:xsi="http://www.w3.org/2001/XMLSchema-instance" xsi:noNamespaceSchemaLocation="https://maven.apache.org/surefire/maven-surefire-plugin/xsd/surefire-test-report-3.0.xsd" version="3.0" name="com.kamal.SpringDockerApp.SpringDockerAppApplicationTests" time="11.881" tests="1" errors="0" skipped="0" failures="0">
  <properties>
[...]
</properties>
  <testcase name="contextLoads" classname="com.kamal.SpringDockerApp.SpringDockerAppApplicationTests" time="2.05">
    <system-out><![CDATA[12:12:53.526 [main] INFO org.springframework.test.context.support.AnnotationConfigContextLoaderUtils -- Could not detect default configuration classes for test class [com.kamal.SpringDockerApp.SpringDockerAppApplicationTests]: SpringDockerAppApplicationTests does not declare any static, non-private, non-final, nested classes annotated with @Configuration.
12:12:53.818 [main] INFO org.springframework.boot.test.context.SpringBootTestContextBootstrapper -- Found @SpringBootConfiguration com.kamal.SpringDockerApp.SpringDockerAppApplication for test class com.kamal.SpringDockerApp.SpringDockerAppApplicationTests

  .   ____          _            __ _ _
 /\\ / ___'_ __ _ _(_)_ __  __ _ \ \ \ \
( ( )\___ | '_ | '_| | '_ \/ _` | \ \ \ \
 \\/  ___)| |_)| | | | | || (_| |  ) ) ) )
  '  |____| .__|_| |_|_| |_\__, | / / / /
 =========|_|==============|___/=/_/_/_/

 :: Spring Boot ::                (v3.3.4)

2024-09-21T12:12:55.004+05:30  INFO 13888 --- [SpringDockerApp] [           main] c.k.S.SpringDockerAppApplicationTests    : Starting SpringDockerAppApplicationTests using Java 21.0.4 with PID 13888 (started by Asus in C:\Users\Asus\Desktop\Java\SpringDockerApp\SpringDockerApp)
2024-09-21T12:12:55.007+05:30  INFO 13888 --- [SpringDockerApp] [           main] c.k.S.SpringDockerAppApplicationTests    : No active profile set, falling back to 1 default profile: "default"
2024-09-21T12:13:02.831+05:30  INFO 13888 --- [SpringDockerApp] [           main] c.k.S.SpringDockerAppApplicationTests    : Started SpringDockerAppApplicationTests in 8.513 seconds (process running for 11.592)
]]></system-out>
    <system-err><![CDATA[WARNING: A Java agent has been loaded dynamically (C:\Users\Asus\.m2\repository\net\bytebuddy\byte-buddy-agent\1.14.19\byte-buddy-agent-1.14.19.jar)
WARNING: If a serviceability tool is in use, please run with -XX:+EnableDynamicAgentLoading to hide this warning
WARNING: If a serviceability tool is not in use, please run with -Djdk.instrument.traceUsage for more information
WARNING: Dynamic loading of agents will be disallowed by default in a future release
]]></system-err>
  </testcase>
</testsuite>